------------------------------------------------------------------------------------------------------------------------

[2022-11-12 14:54:29 #1 store] 
Database 'C:\Users\USER\Desktop\OO\TW1\code\version9\TextEditor\db\user.odb' is opened by 23004@LAPTOP-3G6V943I

[2022-11-12 14:54:29 #2 store] 
Configuration path: C:\Users\USER\Desktop\OO\TW1\code\version9\TextEditor\objectdb.conf

[2022-11-12 14:54:29 #3 type] 
Type com.company.texteditor.dbManager.User is not enhanced.

[2022-11-12 14:54:30 #4 store] 
Database 'C:\Users\USER\Desktop\OO\TW1\code\version9\TextEditor\db\user.odb' is closed by 23004@LAPTOP-3G6V943I

[2022-11-12 14:54:37 #5 store] 
Database 'C:\Users\USER\Desktop\OO\TW1\code\version9\TextEditor\db\user.odb' is opened by 23004@LAPTOP-3G6V943I

[2022-11-12 14:54:37 #6 store] 
Configuration path: C:\Users\USER\Desktop\OO\TW1\code\version9\TextEditor\objectdb.conf

[2022-11-12 14:54:37 #7 store] 
Database 'C:\Users\USER\Desktop\OO\TW1\code\version9\TextEditor\db\user.odb' is closed by 23004@LAPTOP-3G6V943I

[2022-11-12 14:54:38 #8 store] 
Database 'C:\Users\USER\Desktop\OO\TW1\code\version9\TextEditor\db\user.odb' is opened by 23004@LAPTOP-3G6V943I

[2022-11-12 14:54:38 #9 store] 
Configuration path: C:\Users\USER\Desktop\OO\TW1\code\version9\TextEditor\objectdb.conf

[2022-11-12 14:54:38 #10 store] 
Database 'C:\Users\USER\Desktop\OO\TW1\code\version9\TextEditor\db\user.odb' is closed by 23004@LAPTOP-3G6V943I

[2022-11-12 14:54:46 #11 store] 
Database 'C:\Users\USER\Desktop\OO\TW1\code\version9\TextEditor\db\user.odb' is opened by 23004@LAPTOP-3G6V943I

[2022-11-12 14:54:46 #12 store] 
Configuration path: C:\Users\USER\Desktop\OO\TW1\code\version9\TextEditor\objectdb.conf

[2022-11-12 14:54:46 #13 store] 
Database 'C:\Users\USER\Desktop\OO\TW1\code\version9\TextEditor\db\user.odb' is closed by 23004@LAPTOP-3G6V943I

[2022-11-12 14:54:54 #14 store] 
Database 'C:\Users\USER\Desktop\OO\TW1\code\version9\TextEditor\db\user.odb' is opened by 23004@LAPTOP-3G6V943I

[2022-11-12 14:54:54 #15 store] 
Configuration path: C:\Users\USER\Desktop\OO\TW1\code\version9\TextEditor\objectdb.conf

[2022-11-12 14:54:54 #16 store] 
Database 'C:\Users\USER\Desktop\OO\TW1\code\version9\TextEditor\db\user.odb' is closed by 23004@LAPTOP-3G6V943I

[2022-11-12 14:54:57 #17 store] 
Database 'C:\Users\USER\Desktop\OO\TW1\code\version9\TextEditor\db\user.odb' is opened by 23004@LAPTOP-3G6V943I

[2022-11-12 14:54:57 #18 store] 
Configuration path: C:\Users\USER\Desktop\OO\TW1\code\version9\TextEditor\objectdb.conf

[2022-11-12 14:54:57 #19 store] 
Database 'C:\Users\USER\Desktop\OO\TW1\code\version9\TextEditor\db\user.odb' is closed by 23004@LAPTOP-3G6V943I

------------------------------------------------------------------------------------------------------------------------

[2022-11-12 14:56:11 #1 store] 
Database 'C:\Users\USER\Desktop\OO\TW1\code\version9\TextEditor\db\user.odb' is opened by 24172@LAPTOP-3G6V943I

[2022-11-12 14:56:11 #2 store] 
Configuration path: C:\Users\USER\Desktop\OO\TW1\code\version9\TextEditor\objectdb.conf

[2022-11-12 14:56:12 #3 type] 
Type com.company.texteditor.dbManager.User is not enhanced.

[2022-11-12 14:56:12 #4 store] 
Database 'C:\Users\USER\Desktop\OO\TW1\code\version9\TextEditor\db\user.odb' is closed by 24172@LAPTOP-3G6V943I

[2022-11-12 14:56:14 #5 store] 
Database 'C:\Users\USER\Desktop\OO\TW1\code\version9\TextEditor\db\user.odb' is opened by 24172@LAPTOP-3G6V943I

[2022-11-12 14:56:14 #6 store] 
Configuration path: C:\Users\USER\Desktop\OO\TW1\code\version9\TextEditor\objectdb.conf

[2022-11-12 14:56:14 #7 store] 
Database 'C:\Users\USER\Desktop\OO\TW1\code\version9\TextEditor\db\user.odb' is closed by 24172@LAPTOP-3G6V943I

[2022-11-12 14:56:16 #8 store] 
Database 'C:\Users\USER\Desktop\OO\TW1\code\version9\TextEditor\db\user.odb' is opened by 24172@LAPTOP-3G6V943I

[2022-11-12 14:56:16 #9 store] 
Configuration path: C:\Users\USER\Desktop\OO\TW1\code\version9\TextEditor\objectdb.conf

[2022-11-12 14:56:16 #10 store] 
Database 'C:\Users\USER\Desktop\OO\TW1\code\version9\TextEditor\db\user.odb' is closed by 24172@LAPTOP-3G6V943I

[2022-11-12 14:56:18 #11 store] 
Database 'C:\Users\USER\Desktop\OO\TW1\code\version9\TextEditor\db\user.odb' is opened by 24172@LAPTOP-3G6V943I

[2022-11-12 14:56:18 #12 store] 
Configuration path: C:\Users\USER\Desktop\OO\TW1\code\version9\TextEditor\objectdb.conf

[2022-11-12 14:56:18 #13 store] 
Database 'C:\Users\USER\Desktop\OO\TW1\code\version9\TextEditor\db\user.odb' is closed by 24172@LAPTOP-3G6V943I

[2022-11-12 14:57:13 #14 store] 
Database 'C:\Users\USER\Desktop\OO\TW1\code\version9\TextEditor\db\user.odb' is opened by 24172@LAPTOP-3G6V943I

[2022-11-12 14:57:13 #15 store] 
Configuration path: C:\Users\USER\Desktop\OO\TW1\code\version9\TextEditor\objectdb.conf

[2022-11-12 14:57:13 #16 store] 
Database 'C:\Users\USER\Desktop\OO\TW1\code\version9\TextEditor\db\user.odb' is closed by 24172@LAPTOP-3G6V943I

[2022-11-12 14:59:32 #17 store] 
Database 'C:\Users\USER\Desktop\OO\TW1\code\version9\TextEditor\db\user.odb' is opened by 24172@LAPTOP-3G6V943I

[2022-11-12 14:59:32 #18 store] 
Configuration path: C:\Users\USER\Desktop\OO\TW1\code\version9\TextEditor\objectdb.conf

[2022-11-12 14:59:32 #19 store] 
Database 'C:\Users\USER\Desktop\OO\TW1\code\version9\TextEditor\db\user.odb' is closed by 24172@LAPTOP-3G6V943I

[2022-11-12 14:59:34 #20 store] 
Database 'C:\Users\USER\Desktop\OO\TW1\code\version9\TextEditor\db\user.odb' is opened by 24172@LAPTOP-3G6V943I

[2022-11-12 14:59:34 #21 store] 
Configuration path: C:\Users\USER\Desktop\OO\TW1\code\version9\TextEditor\objectdb.conf

[2022-11-12 14:59:34 #22 store] 
Database 'C:\Users\USER\Desktop\OO\TW1\code\version9\TextEditor\db\user.odb' is closed by 24172@LAPTOP-3G6V943I

[2022-11-12 14:59:35 #23 store] 
Database 'C:\Users\USER\Desktop\OO\TW1\code\version9\TextEditor\db\user.odb' is opened by 24172@LAPTOP-3G6V943I

[2022-11-12 14:59:35 #24 store] 
Configuration path: C:\Users\USER\Desktop\OO\TW1\code\version9\TextEditor\objectdb.conf

[2022-11-12 14:59:35 #25 store] 
Database 'C:\Users\USER\Desktop\OO\TW1\code\version9\TextEditor\db\user.odb' is closed by 24172@LAPTOP-3G6V943I

------------------------------------------------------------------------------------------------------------------------

[2022-11-12 15:03:45 #1 store] 
Database 'C:\Users\USER\Desktop\OO\TW1\code\version9\TextEditor\db\user.odb' is opened by 26128@LAPTOP-3G6V943I

[2022-11-12 15:03:45 #2 store] 
Configuration path: C:\Users\USER\Desktop\OO\TW1\code\version9\TextEditor\objectdb.conf

[2022-11-12 15:03:45 #3 type] 
Type com.company.texteditor.dbManager.User is not enhanced.

[2022-11-12 15:03:45 #4 store] 
Database 'C:\Users\USER\Desktop\OO\TW1\code\version9\TextEditor\db\user.odb' is closed by 26128@LAPTOP-3G6V943I

[2022-11-12 15:03:48 #5 store] 
Database 'C:\Users\USER\Desktop\OO\TW1\code\version9\TextEditor\db\user.odb' is opened by 26128@LAPTOP-3G6V943I

[2022-11-12 15:03:48 #6 store] 
Configuration path: C:\Users\USER\Desktop\OO\TW1\code\version9\TextEditor\objectdb.conf

[2022-11-12 15:03:48 #7 store] 
Database 'C:\Users\USER\Desktop\OO\TW1\code\version9\TextEditor\db\user.odb' is closed by 26128@LAPTOP-3G6V943I

[2022-11-12 15:03:55 #8 store] 
Database 'C:\Users\USER\Desktop\OO\TW1\code\version9\TextEditor\db\user.odb' is opened by 26128@LAPTOP-3G6V943I

[2022-11-12 15:03:55 #9 store] 
Configuration path: C:\Users\USER\Desktop\OO\TW1\code\version9\TextEditor\objectdb.conf

[2022-11-12 15:03:55 #10 store] 
Database 'C:\Users\USER\Desktop\OO\TW1\code\version9\TextEditor\db\user.odb' is closed by 26128@LAPTOP-3G6V943I

[2022-11-12 15:03:56 #11 store] 
Database 'C:\Users\USER\Desktop\OO\TW1\code\version9\TextEditor\db\user.odb' is opened by 26128@LAPTOP-3G6V943I

[2022-11-12 15:03:56 #12 store] 
Configuration path: C:\Users\USER\Desktop\OO\TW1\code\version9\TextEditor\objectdb.conf

[2022-11-12 15:03:56 #13 store] 
Database 'C:\Users\USER\Desktop\OO\TW1\code\version9\TextEditor\db\user.odb' is closed by 26128@LAPTOP-3G6V943I

[2022-11-12 15:04:31 #14 store] 
Database 'C:\Users\USER\Desktop\OO\TW1\code\version9\TextEditor\db\user.odb' is opened by 26128@LAPTOP-3G6V943I

[2022-11-12 15:04:31 #15 store] 
Configuration path: C:\Users\USER\Desktop\OO\TW1\code\version9\TextEditor\objectdb.conf

[2022-11-12 15:04:31 #16 store] 
Database 'C:\Users\USER\Desktop\OO\TW1\code\version9\TextEditor\db\user.odb' is closed by 26128@LAPTOP-3G6V943I

[2022-11-12 15:04:33 #17 store] 
Database 'C:\Users\USER\Desktop\OO\TW1\code\version9\TextEditor\db\user.odb' is opened by 26128@LAPTOP-3G6V943I

[2022-11-12 15:04:33 #18 store] 
Configuration path: C:\Users\USER\Desktop\OO\TW1\code\version9\TextEditor\objectdb.conf

[2022-11-12 15:04:33 #19 store] 
Database 'C:\Users\USER\Desktop\OO\TW1\code\version9\TextEditor\db\user.odb' is closed by 26128@LAPTOP-3G6V943I

------------------------------------------------------------------------------------------------------------------------

[2022-11-12 15:04:47 #1 store] 
Database 'C:\Users\USER\Desktop\OO\TW1\code\version9\TextEditor\db\user.odb' is opened by 21736@LAPTOP-3G6V943I

[2022-11-12 15:04:47 #2 store] 
Configuration path: C:\Users\USER\Desktop\OO\TW1\code\version9\TextEditor\objectdb.conf

[2022-11-12 15:04:47 #3 type] 
Type com.company.texteditor.dbManager.User is not enhanced.

[2022-11-12 15:04:47 #4 store] 
Database 'C:\Users\USER\Desktop\OO\TW1\code\version9\TextEditor\db\user.odb' is closed by 21736@LAPTOP-3G6V943I

[2022-11-12 15:04:50 #5 store] 
Database 'C:\Users\USER\Desktop\OO\TW1\code\version9\TextEditor\db\user.odb' is opened by 21736@LAPTOP-3G6V943I

[2022-11-12 15:04:50 #6 store] 
Configuration path: C:\Users\USER\Desktop\OO\TW1\code\version9\TextEditor\objectdb.conf

[2022-11-12 15:04:50 #7 store] 
Database 'C:\Users\USER\Desktop\OO\TW1\code\version9\TextEditor\db\user.odb' is closed by 21736@LAPTOP-3G6V943I

[2022-11-12 15:04:51 #8 store] 
Database 'C:\Users\USER\Desktop\OO\TW1\code\version9\TextEditor\db\user.odb' is opened by 21736@LAPTOP-3G6V943I

[2022-11-12 15:04:51 #9 store] 
Configuration path: C:\Users\USER\Desktop\OO\TW1\code\version9\TextEditor\objectdb.conf

[2022-11-12 15:04:51 #10 store] 
Database 'C:\Users\USER\Desktop\OO\TW1\code\version9\TextEditor\db\user.odb' is closed by 21736@LAPTOP-3G6V943I

[2022-11-12 15:04:53 #11 store] 
Database 'C:\Users\USER\Desktop\OO\TW1\code\version9\TextEditor\db\user.odb' is opened by 21736@LAPTOP-3G6V943I

[2022-11-12 15:04:53 #12 store] 
Configuration path: C:\Users\USER\Desktop\OO\TW1\code\version9\TextEditor\objectdb.conf

[2022-11-12 15:04:53 #13 store] 
Database 'C:\Users\USER\Desktop\OO\TW1\code\version9\TextEditor\db\user.odb' is closed by 21736@LAPTOP-3G6V943I

[2022-11-12 15:05:00 #14 store] 
Database 'C:\Users\USER\Desktop\OO\TW1\code\version9\TextEditor\db\user.odb' is opened by 21736@LAPTOP-3G6V943I

[2022-11-12 15:05:00 #15 store] 
Configuration path: C:\Users\USER\Desktop\OO\TW1\code\version9\TextEditor\objectdb.conf

[2022-11-12 15:05:00 #16 store] 
Database 'C:\Users\USER\Desktop\OO\TW1\code\version9\TextEditor\db\user.odb' is closed by 21736@LAPTOP-3G6V943I

[2022-11-12 15:05:05 #17 store] 
Database 'C:\Users\USER\Desktop\OO\TW1\code\version9\TextEditor\db\user.odb' is opened by 21736@LAPTOP-3G6V943I

[2022-11-12 15:05:05 #18 store] 
Configuration path: C:\Users\USER\Desktop\OO\TW1\code\version9\TextEditor\objectdb.conf

[2022-11-12 15:05:05 #19 store] 
Database 'C:\Users\USER\Desktop\OO\TW1\code\version9\TextEditor\db\user.odb' is closed by 21736@LAPTOP-3G6V943I

[2022-11-12 15:05:07 #20 store] 
Database 'C:\Users\USER\Desktop\OO\TW1\code\version9\TextEditor\db\user.odb' is opened by 21736@LAPTOP-3G6V943I

[2022-11-12 15:05:07 #21 store] 
Configuration path: C:\Users\USER\Desktop\OO\TW1\code\version9\TextEditor\objectdb.conf

[2022-11-12 15:05:07 #22 store] 
Database 'C:\Users\USER\Desktop\OO\TW1\code\version9\TextEditor\db\user.odb' is closed by 21736@LAPTOP-3G6V943I

[2022-11-12 15:05:08 #23 store] 
Database 'C:\Users\USER\Desktop\OO\TW1\code\version9\TextEditor\db\user.odb' is opened by 21736@LAPTOP-3G6V943I

[2022-11-12 15:05:08 #24 store] 
Configuration path: C:\Users\USER\Desktop\OO\TW1\code\version9\TextEditor\objectdb.conf

[2022-11-12 15:05:08 #25 store] 
Database 'C:\Users\USER\Desktop\OO\TW1\code\version9\TextEditor\db\user.odb' is closed by 21736@LAPTOP-3G6V943I

[2022-11-12 15:05:09 #26 store] 
Database 'C:\Users\USER\Desktop\OO\TW1\code\version9\TextEditor\db\user.odb' is opened by 21736@LAPTOP-3G6V943I

[2022-11-12 15:05:09 #27 store] 
Configuration path: C:\Users\USER\Desktop\OO\TW1\code\version9\TextEditor\objectdb.conf

[2022-11-12 15:05:09 #28 store] 
Database 'C:\Users\USER\Desktop\OO\TW1\code\version9\TextEditor\db\user.odb' is closed by 21736@LAPTOP-3G6V943I

[2022-11-12 15:05:10 #29 store] 
Database 'C:\Users\USER\Desktop\OO\TW1\code\version9\TextEditor\db\user.odb' is opened by 21736@LAPTOP-3G6V943I

[2022-11-12 15:05:10 #30 store] 
Configuration path: C:\Users\USER\Desktop\OO\TW1\code\version9\TextEditor\objectdb.conf

[2022-11-12 15:05:10 #31 store] 
Database 'C:\Users\USER\Desktop\OO\TW1\code\version9\TextEditor\db\user.odb' is closed by 21736@LAPTOP-3G6V943I

[2022-11-12 15:05:11 #32 store] 
Database 'C:\Users\USER\Desktop\OO\TW1\code\version9\TextEditor\db\user.odb' is opened by 21736@LAPTOP-3G6V943I

[2022-11-12 15:05:11 #33 store] 
Configuration path: C:\Users\USER\Desktop\OO\TW1\code\version9\TextEditor\objectdb.conf

[2022-11-12 15:05:11 #34 store] 
Database 'C:\Users\USER\Desktop\OO\TW1\code\version9\TextEditor\db\user.odb' is closed by 21736@LAPTOP-3G6V943I

[2022-11-12 15:05:12 #35 store] 
Database 'C:\Users\USER\Desktop\OO\TW1\code\version9\TextEditor\db\user.odb' is opened by 21736@LAPTOP-3G6V943I

[2022-11-12 15:05:12 #36 store] 
Configuration path: C:\Users\USER\Desktop\OO\TW1\code\version9\TextEditor\objectdb.conf

[2022-11-12 15:05:12 #37 store] 
Database 'C:\Users\USER\Desktop\OO\TW1\code\version9\TextEditor\db\user.odb' is closed by 21736@LAPTOP-3G6V943I

------------------------------------------------------------------------------------------------------------------------

[2022-11-12 15:07:01 #1 store] 
Database 'C:\Users\USER\Desktop\OO\TW1\code\version9\TextEditor\db\user.odb' is opened by 15620@LAPTOP-3G6V943I

[2022-11-12 15:07:01 #2 store] 
Configuration path: C:\Users\USER\Desktop\OO\TW1\code\version9\TextEditor\objectdb.conf

[2022-11-12 15:07:01 #3 type] 
Type com.company.texteditor.dbManager.User is not enhanced.

[2022-11-12 15:07:01 #4 store] 
Database 'C:\Users\USER\Desktop\OO\TW1\code\version9\TextEditor\db\user.odb' is closed by 15620@LAPTOP-3G6V943I

[2022-11-12 15:07:04 #5 store] 
Database 'C:\Users\USER\Desktop\OO\TW1\code\version9\TextEditor\db\user.odb' is opened by 15620@LAPTOP-3G6V943I

[2022-11-12 15:07:04 #6 store] 
Configuration path: C:\Users\USER\Desktop\OO\TW1\code\version9\TextEditor\objectdb.conf

[2022-11-12 15:07:04 #7 store] 
Database 'C:\Users\USER\Desktop\OO\TW1\code\version9\TextEditor\db\user.odb' is closed by 15620@LAPTOP-3G6V943I

[2022-11-12 15:07:10 #8 store] 
Database 'C:\Users\USER\Desktop\OO\TW1\code\version9\TextEditor\db\user.odb' is opened by 15620@LAPTOP-3G6V943I

[2022-11-12 15:07:10 #9 store] 
Configuration path: C:\Users\USER\Desktop\OO\TW1\code\version9\TextEditor\objectdb.conf

[2022-11-12 15:07:10 #10 store] 
Database 'C:\Users\USER\Desktop\OO\TW1\code\version9\TextEditor\db\user.odb' is closed by 15620@LAPTOP-3G6V943I

[2022-11-12 15:07:12 #11 store] 
Database 'C:\Users\USER\Desktop\OO\TW1\code\version9\TextEditor\db\user.odb' is opened by 15620@LAPTOP-3G6V943I

[2022-11-12 15:07:12 #12 store] 
Configuration path: C:\Users\USER\Desktop\OO\TW1\code\version9\TextEditor\objectdb.conf

[2022-11-12 15:07:12 #13 store] 
Database 'C:\Users\USER\Desktop\OO\TW1\code\version9\TextEditor\db\user.odb' is closed by 15620@LAPTOP-3G6V943I

[2022-11-12 15:07:14 #14 store] 
Database 'C:\Users\USER\Desktop\OO\TW1\code\version9\TextEditor\db\user.odb' is opened by 15620@LAPTOP-3G6V943I

[2022-11-12 15:07:14 #15 store] 
Configuration path: C:\Users\USER\Desktop\OO\TW1\code\version9\TextEditor\objectdb.conf

[2022-11-12 15:07:14 #16 store] 
Database 'C:\Users\USER\Desktop\OO\TW1\code\version9\TextEditor\db\user.odb' is closed by 15620@LAPTOP-3G6V943I

[2022-11-12 15:07:17 #17 store] 
Database 'C:\Users\USER\Desktop\OO\TW1\code\version9\TextEditor\db\user.odb' is opened by 15620@LAPTOP-3G6V943I

[2022-11-12 15:07:17 #18 store] 
Configuration path: C:\Users\USER\Desktop\OO\TW1\code\version9\TextEditor\objectdb.conf

[2022-11-12 15:07:17 #19 store] 
Database 'C:\Users\USER\Desktop\OO\TW1\code\version9\TextEditor\db\user.odb' is closed by 15620@LAPTOP-3G6V943I

------------------------------------------------------------------------------------------------------------------------

[2022-11-12 15:07:43 #1 store] 
Database 'C:\Users\USER\Desktop\OO\TW1\code\version9\TextEditor\db\user.odb' is opened by 22272@LAPTOP-3G6V943I

[2022-11-12 15:07:43 #2 store] 
Configuration path: C:\Users\USER\Desktop\OO\TW1\code\version9\TextEditor\objectdb.conf

[2022-11-12 15:07:43 #3 type] 
Type com.company.texteditor.dbManager.User is not enhanced.

[2022-11-12 15:07:43 #4 store] 
Database 'C:\Users\USER\Desktop\OO\TW1\code\version9\TextEditor\db\user.odb' is closed by 22272@LAPTOP-3G6V943I

[2022-11-12 15:07:50 #5 store] 
Database 'C:\Users\USER\Desktop\OO\TW1\code\version9\TextEditor\db\user.odb' is opened by 22272@LAPTOP-3G6V943I

[2022-11-12 15:07:50 #6 store] 
Configuration path: C:\Users\USER\Desktop\OO\TW1\code\version9\TextEditor\objectdb.conf

[2022-11-12 15:07:50 #7 store] 
Database 'C:\Users\USER\Desktop\OO\TW1\code\version9\TextEditor\db\user.odb' is closed by 22272@LAPTOP-3G6V943I

[2022-11-12 15:07:53 #8 store] 
Database 'C:\Users\USER\Desktop\OO\TW1\code\version9\TextEditor\db\user.odb' is opened by 22272@LAPTOP-3G6V943I

[2022-11-12 15:07:53 #9 store] 
Configuration path: C:\Users\USER\Desktop\OO\TW1\code\version9\TextEditor\objectdb.conf

[2022-11-12 15:07:53 #10 store] 
Database 'C:\Users\USER\Desktop\OO\TW1\code\version9\TextEditor\db\user.odb' is closed by 22272@LAPTOP-3G6V943I

[2022-11-12 15:07:55 #11 store] 
Database 'C:\Users\USER\Desktop\OO\TW1\code\version9\TextEditor\db\user.odb' is opened by 22272@LAPTOP-3G6V943I

[2022-11-12 15:07:55 #12 store] 
Configuration path: C:\Users\USER\Desktop\OO\TW1\code\version9\TextEditor\objectdb.conf

[2022-11-12 15:07:55 #13 store] 
Database 'C:\Users\USER\Desktop\OO\TW1\code\version9\TextEditor\db\user.odb' is closed by 22272@LAPTOP-3G6V943I

[2022-11-12 15:08:21 #14 store] 
Database 'C:\Users\USER\Desktop\OO\TW1\code\version9\TextEditor\db\user.odb' is opened by 22272@LAPTOP-3G6V943I

[2022-11-12 15:08:21 #15 store] 
Configuration path: C:\Users\USER\Desktop\OO\TW1\code\version9\TextEditor\objectdb.conf

[2022-11-12 15:08:21 #16 store] 
Database 'C:\Users\USER\Desktop\OO\TW1\code\version9\TextEditor\db\user.odb' is closed by 22272@LAPTOP-3G6V943I

------------------------------------------------------------------------------------------------------------------------

[2022-11-12 17:45:51 #1 store] 
Database 'C:\Users\USER\Desktop\OO\TW1\code\version9\TextEditor\db\user.odb' is opened by 19756@LAPTOP-3G6V943I

[2022-11-12 17:45:51 #2 store] 
Configuration path: C:\Users\USER\Desktop\OO\TW1\code\version9\TextEditor\objectdb.conf

[2022-11-12 17:45:51 #3 type] 
Type com.company.texteditor.dbManager.User is not enhanced.

[2022-11-12 17:45:51 #4 store] 
Database 'C:\Users\USER\Desktop\OO\TW1\code\version9\TextEditor\db\user.odb' is closed by 19756@LAPTOP-3G6V943I

[2022-11-12 17:46:29 #5 store] 
Database 'C:\Users\USER\Desktop\OO\TW1\code\version9\TextEditor\db\user.odb' is opened by 19756@LAPTOP-3G6V943I

[2022-11-12 17:46:29 #6 store] 
Configuration path: C:\Users\USER\Desktop\OO\TW1\code\version9\TextEditor\objectdb.conf

[2022-11-12 17:46:29 #7 store] 
Database 'C:\Users\USER\Desktop\OO\TW1\code\version9\TextEditor\db\user.odb' is closed by 19756@LAPTOP-3G6V943I

------------------------------------------------------------------------------------------------------------------------

[2022-11-12 20:24:53 #1 store] 
Database 'C:\Users\USER\Desktop\OO\TW1\code\version9\TextEditor\db\user.odb' is opened by 25348@LAPTOP-3G6V943I

[2022-11-12 20:24:53 #2 store] 
Configuration path: C:\Users\USER\Desktop\OO\TW1\code\version9\TextEditor\objectdb.conf

[2022-11-12 20:24:53 #3 type] 
Type com.company.texteditor.dbManager.User is not enhanced.

[2022-11-12 20:24:53 #4 store] 
Database 'C:\Users\USER\Desktop\OO\TW1\code\version9\TextEditor\db\user.odb' is closed by 25348@LAPTOP-3G6V943I

[2022-11-12 20:25:03 #5 store] 
Database 'C:\Users\USER\Desktop\OO\TW1\code\version9\TextEditor\db\user.odb' is opened by 25348@LAPTOP-3G6V943I

[2022-11-12 20:25:03 #6 store] 
Configuration path: C:\Users\USER\Desktop\OO\TW1\code\version9\TextEditor\objectdb.conf

[2022-11-12 20:25:03 #7 store] 
Database 'C:\Users\USER\Desktop\OO\TW1\code\version9\TextEditor\db\user.odb' is closed by 25348@LAPTOP-3G6V943I

[2022-11-12 20:25:07 #8 store] 
Database 'C:\Users\USER\Desktop\OO\TW1\code\version9\TextEditor\db\user.odb' is opened by 25348@LAPTOP-3G6V943I

[2022-11-12 20:25:07 #9 store] 
Configuration path: C:\Users\USER\Desktop\OO\TW1\code\version9\TextEditor\objectdb.conf

[2022-11-12 20:25:07 #10 store] 
Database 'C:\Users\USER\Desktop\OO\TW1\code\version9\TextEditor\db\user.odb' is closed by 25348@LAPTOP-3G6V943I

[2022-11-12 20:25:15 #11 store] 
Database 'C:\Users\USER\Desktop\OO\TW1\code\version9\TextEditor\db\user.odb' is opened by 25348@LAPTOP-3G6V943I

[2022-11-12 20:25:15 #12 store] 
Configuration path: C:\Users\USER\Desktop\OO\TW1\code\version9\TextEditor\objectdb.conf

[2022-11-12 20:25:15 #13 store] 
Database 'C:\Users\USER\Desktop\OO\TW1\code\version9\TextEditor\db\user.odb' is closed by 25348@LAPTOP-3G6V943I

------------------------------------------------------------------------------------------------------------------------

[2022-11-12 20:59:30 #1 store] 
Database 'C:\Users\USER\Desktop\OO\TW1\code\version9\TextEditor\db\user.odb' is opened by 21780@LAPTOP-3G6V943I

[2022-11-12 20:59:30 #2 store] 
Configuration path: C:\Users\USER\Desktop\OO\TW1\code\version9\TextEditor\objectdb.conf

[2022-11-12 20:59:30 #3 type] 
Type com.company.texteditor.dbManager.User is not enhanced.

[2022-11-12 20:59:30 #4 store] 
Database 'C:\Users\USER\Desktop\OO\TW1\code\version9\TextEditor\db\user.odb' is closed by 21780@LAPTOP-3G6V943I

[2022-11-12 20:59:34 #5 store] 
Database 'C:\Users\USER\Desktop\OO\TW1\code\version9\TextEditor\db\user.odb' is opened by 21780@LAPTOP-3G6V943I

[2022-11-12 20:59:34 #6 store] 
Configuration path: C:\Users\USER\Desktop\OO\TW1\code\version9\TextEditor\objectdb.conf

[2022-11-12 20:59:34 #7 store] 
Database 'C:\Users\USER\Desktop\OO\TW1\code\version9\TextEditor\db\user.odb' is closed by 21780@LAPTOP-3G6V943I

[2022-11-12 20:59:38 #8 store] 
Database 'C:\Users\USER\Desktop\OO\TW1\code\version9\TextEditor\db\user.odb' is opened by 21780@LAPTOP-3G6V943I

[2022-11-12 20:59:38 #9 store] 
Configuration path: C:\Users\USER\Desktop\OO\TW1\code\version9\TextEditor\objectdb.conf

[2022-11-12 20:59:38 #10 store] 
Database 'C:\Users\USER\Desktop\OO\TW1\code\version9\TextEditor\db\user.odb' is closed by 21780@LAPTOP-3G6V943I

[2022-11-12 20:59:41 #11 store] 
Database 'C:\Users\USER\Desktop\OO\TW1\code\version9\TextEditor\db\user.odb' is opened by 21780@LAPTOP-3G6V943I

[2022-11-12 20:59:41 #12 store] 
Configuration path: C:\Users\USER\Desktop\OO\TW1\code\version9\TextEditor\objectdb.conf

[2022-11-12 20:59:41 #13 store] 
Database 'C:\Users\USER\Desktop\OO\TW1\code\version9\TextEditor\db\user.odb' is closed by 21780@LAPTOP-3G6V943I

