------------------------------------------------------------------------------------------------------------------------

[2022-11-24 22:53:01 #1 store] 
Database 'C:\Users\user\Desktop\class\OO\TW1\TextEditor_version1113(1)\db\user.odb' is opened by 18196@DESKTOP-RMHDGMV

[2022-11-24 22:53:01 #2 store] 
Configuration path: C:\Users\user\Desktop\class\OO\TW1\TextEditor_version1113(1)\objectdb.conf

[2022-11-24 22:53:01 #3 type] 
Type com.company.texteditor.dbManager.User is not enhanced.

[2022-11-24 22:53:01 #4 store] 
Database 'C:\Users\user\Desktop\class\OO\TW1\TextEditor_version1113(1)\db\user.odb' is closed by 18196@DESKTOP-RMHDGMV

[2022-11-24 22:53:33 #5 store] 
Database 'C:\Users\user\Desktop\class\OO\TW1\TextEditor_version1113(1)\db\user.odb' is opened by 18196@DESKTOP-RMHDGMV

[2022-11-24 22:53:33 #6 store] 
Configuration path: C:\Users\user\Desktop\class\OO\TW1\TextEditor_version1113(1)\objectdb.conf

[2022-11-24 22:53:33 #7 store] 
Database 'C:\Users\user\Desktop\class\OO\TW1\TextEditor_version1113(1)\db\user.odb' is closed by 18196@DESKTOP-RMHDGMV

[2022-11-24 22:53:35 #8 store] 
Database 'C:\Users\user\Desktop\class\OO\TW1\TextEditor_version1113(1)\db\user.odb' is opened by 18196@DESKTOP-RMHDGMV

[2022-11-24 22:53:35 #9 store] 
Configuration path: C:\Users\user\Desktop\class\OO\TW1\TextEditor_version1113(1)\objectdb.conf

[2022-11-24 22:53:35 #10 store] 
Database 'C:\Users\user\Desktop\class\OO\TW1\TextEditor_version1113(1)\db\user.odb' is closed by 18196@DESKTOP-RMHDGMV

[2022-11-24 22:54:33 #11 store] 
Database 'C:\Users\user\Desktop\class\OO\TW1\TextEditor_version1113(1)\db\user.odb' is opened by 18196@DESKTOP-RMHDGMV

[2022-11-24 22:54:33 #12 store] 
Configuration path: C:\Users\user\Desktop\class\OO\TW1\TextEditor_version1113(1)\objectdb.conf

[2022-11-24 22:54:33 #13 store] 
Database 'C:\Users\user\Desktop\class\OO\TW1\TextEditor_version1113(1)\db\user.odb' is closed by 18196@DESKTOP-RMHDGMV

[2022-11-24 22:54:38 #14 store] 
Database 'C:\Users\user\Desktop\class\OO\TW1\TextEditor_version1113(1)\db\user.odb' is opened by 18196@DESKTOP-RMHDGMV

[2022-11-24 22:54:38 #15 store] 
Configuration path: C:\Users\user\Desktop\class\OO\TW1\TextEditor_version1113(1)\objectdb.conf

[2022-11-24 22:54:38 #16 store] 
Database 'C:\Users\user\Desktop\class\OO\TW1\TextEditor_version1113(1)\db\user.odb' is closed by 18196@DESKTOP-RMHDGMV

[2022-11-24 22:54:41 #17 store] 
Database 'C:\Users\user\Desktop\class\OO\TW1\TextEditor_version1113(1)\db\user.odb' is opened by 18196@DESKTOP-RMHDGMV

[2022-11-24 22:54:41 #18 store] 
Configuration path: C:\Users\user\Desktop\class\OO\TW1\TextEditor_version1113(1)\objectdb.conf

[2022-11-24 22:54:41 #19 store] 
Database 'C:\Users\user\Desktop\class\OO\TW1\TextEditor_version1113(1)\db\user.odb' is closed by 18196@DESKTOP-RMHDGMV

------------------------------------------------------------------------------------------------------------------------

[2022-11-24 22:56:34 #1 store] 
Database 'C:\Users\user\Desktop\class\OO\TW1\TextEditor_version1113(1)\db\user.odb' is opened by 1548@DESKTOP-RMHDGMV

[2022-11-24 22:56:34 #2 store] 
Configuration path: C:\Users\user\Desktop\class\OO\TW1\TextEditor_version1113(1)\objectdb.conf

[2022-11-24 22:56:34 #3 type] 
Type com.company.texteditor.dbManager.User is not enhanced.

[2022-11-24 22:56:34 #4 store] 
Database 'C:\Users\user\Desktop\class\OO\TW1\TextEditor_version1113(1)\db\user.odb' is closed by 1548@DESKTOP-RMHDGMV

