------------------------------------------------------------------------------------------------------------------------

[2022-11-03 00:17:31 #1 store] 
Database 'C:\Users\USER\Desktop\OO\TW1\code\version6\TextEditor\db\user.odb' is opened by 44628@LAPTOP-3G6V943I

[2022-11-03 00:17:31 #2 store] 
Configuration path: C:\Users\USER\Desktop\OO\TW1\code\version6\TextEditor\objectdb.conf

[2022-11-03 00:17:31 #3 type] 
Type com.company.texteditor.dbManager.User is not enhanced.

[2022-11-03 00:17:31 #4 store] 
Database 'C:\Users\USER\Desktop\OO\TW1\code\version6\TextEditor\db\user.odb' is closed by 44628@LAPTOP-3G6V943I

[2022-11-03 00:17:35 #5 store] 
Database 'C:\Users\USER\Desktop\OO\TW1\code\version6\TextEditor\db\user.odb' is opened by 44628@LAPTOP-3G6V943I

[2022-11-03 00:17:35 #6 store] 
Configuration path: C:\Users\USER\Desktop\OO\TW1\code\version6\TextEditor\objectdb.conf

[2022-11-03 00:17:35 #7 store] 
Database 'C:\Users\USER\Desktop\OO\TW1\code\version6\TextEditor\db\user.odb' is closed by 44628@LAPTOP-3G6V943I

[2022-11-03 00:17:37 #8 store] 
Database 'C:\Users\USER\Desktop\OO\TW1\code\version6\TextEditor\db\user.odb' is opened by 44628@LAPTOP-3G6V943I

[2022-11-03 00:17:37 #9 store] 
Configuration path: C:\Users\USER\Desktop\OO\TW1\code\version6\TextEditor\objectdb.conf

[2022-11-03 00:17:37 #10 store] 
Database 'C:\Users\USER\Desktop\OO\TW1\code\version6\TextEditor\db\user.odb' is closed by 44628@LAPTOP-3G6V943I

[2022-11-03 00:17:44 #11 store] 
Database 'C:\Users\USER\Desktop\OO\TW1\code\version6\TextEditor\db\user.odb' is opened by 44628@LAPTOP-3G6V943I

[2022-11-03 00:17:44 #12 store] 
Configuration path: C:\Users\USER\Desktop\OO\TW1\code\version6\TextEditor\objectdb.conf

[2022-11-03 00:17:44 #13 store] 
Database 'C:\Users\USER\Desktop\OO\TW1\code\version6\TextEditor\db\user.odb' is closed by 44628@LAPTOP-3G6V943I

[2022-11-03 00:18:04 #14 store] 
Database 'C:\Users\USER\Desktop\OO\TW1\code\version6\TextEditor\db\user.odb' is opened by 44628@LAPTOP-3G6V943I

[2022-11-03 00:18:04 #15 store] 
Configuration path: C:\Users\USER\Desktop\OO\TW1\code\version6\TextEditor\objectdb.conf

[2022-11-03 00:18:04 #16 store] 
Database 'C:\Users\USER\Desktop\OO\TW1\code\version6\TextEditor\db\user.odb' is closed by 44628@LAPTOP-3G6V943I

[2022-11-03 00:18:04 #17 store] 
Database 'C:\Users\USER\Desktop\OO\TW1\code\version6\TextEditor\db\user.odb' is opened by 44628@LAPTOP-3G6V943I

[2022-11-03 00:18:04 #18 store] 
Configuration path: C:\Users\USER\Desktop\OO\TW1\code\version6\TextEditor\objectdb.conf

[2022-11-03 00:18:04 #19 store] 
Database 'C:\Users\USER\Desktop\OO\TW1\code\version6\TextEditor\db\user.odb' is closed by 44628@LAPTOP-3G6V943I

[2022-11-03 00:18:09 #20 store] 
Database 'C:\Users\USER\Desktop\OO\TW1\code\version6\TextEditor\db\user.odb' is opened by 44628@LAPTOP-3G6V943I

[2022-11-03 00:18:09 #21 store] 
Configuration path: C:\Users\USER\Desktop\OO\TW1\code\version6\TextEditor\objectdb.conf

[2022-11-03 00:18:09 #22 store] 
Database 'C:\Users\USER\Desktop\OO\TW1\code\version6\TextEditor\db\user.odb' is closed by 44628@LAPTOP-3G6V943I

[2022-11-03 00:18:12 #23 store] 
Database 'C:\Users\USER\Desktop\OO\TW1\code\version6\TextEditor\db\user.odb' is opened by 44628@LAPTOP-3G6V943I

[2022-11-03 00:18:12 #24 store] 
Configuration path: C:\Users\USER\Desktop\OO\TW1\code\version6\TextEditor\objectdb.conf

[2022-11-03 00:18:12 #25 store] 
Database 'C:\Users\USER\Desktop\OO\TW1\code\version6\TextEditor\db\user.odb' is closed by 44628@LAPTOP-3G6V943I

[2022-11-03 00:18:13 #26 store] 
Database 'C:\Users\USER\Desktop\OO\TW1\code\version6\TextEditor\db\user.odb' is opened by 44628@LAPTOP-3G6V943I

[2022-11-03 00:18:13 #27 store] 
Configuration path: C:\Users\USER\Desktop\OO\TW1\code\version6\TextEditor\objectdb.conf

[2022-11-03 00:18:13 #28 store] 
Database 'C:\Users\USER\Desktop\OO\TW1\code\version6\TextEditor\db\user.odb' is closed by 44628@LAPTOP-3G6V943I

[2022-11-03 00:18:18 #29 store] 
Database 'C:\Users\USER\Desktop\OO\TW1\code\version6\TextEditor\db\user.odb' is opened by 44628@LAPTOP-3G6V943I

[2022-11-03 00:18:18 #30 store] 
Configuration path: C:\Users\USER\Desktop\OO\TW1\code\version6\TextEditor\objectdb.conf

[2022-11-03 00:18:18 #31 store] 
Database 'C:\Users\USER\Desktop\OO\TW1\code\version6\TextEditor\db\user.odb' is closed by 44628@LAPTOP-3G6V943I

------------------------------------------------------------------------------------------------------------------------

[2022-11-03 00:21:47 #1 store] 
Database 'C:\Users\USER\Desktop\OO\TW1\code\version6\TextEditor\db\user.odb' is opened by 38948@LAPTOP-3G6V943I

[2022-11-03 00:21:47 #2 store] 
Configuration path: C:\Users\USER\Desktop\OO\TW1\code\version6\TextEditor\objectdb.conf

[2022-11-03 00:21:47 #3 type] 
Type com.company.texteditor.dbManager.User is not enhanced.

[2022-11-03 00:21:47 #4 store] 
Database 'C:\Users\USER\Desktop\OO\TW1\code\version6\TextEditor\db\user.odb' is closed by 38948@LAPTOP-3G6V943I

------------------------------------------------------------------------------------------------------------------------

[2022-11-03 00:22:27 #1 store] 
Database 'C:\Users\USER\Desktop\OO\TW1\code\version6\TextEditor\db\user.odb' is opened by 7568@LAPTOP-3G6V943I

[2022-11-03 00:22:27 #2 store] 
Configuration path: C:\Users\USER\Desktop\OO\TW1\code\version6\TextEditor\objectdb.conf

[2022-11-03 00:22:27 #3 type] 
Type com.company.texteditor.dbManager.User is not enhanced.

[2022-11-03 00:22:27 #4 store] 
Database 'C:\Users\USER\Desktop\OO\TW1\code\version6\TextEditor\db\user.odb' is closed by 7568@LAPTOP-3G6V943I

------------------------------------------------------------------------------------------------------------------------

[2022-11-03 00:23:48 #1 store] 
Database 'C:\Users\USER\Desktop\OO\TW1\code\version6\TextEditor\db\user.odb' is opened by 49372@LAPTOP-3G6V943I

[2022-11-03 00:23:48 #2 store] 
Configuration path: C:\Users\USER\Desktop\OO\TW1\code\version6\TextEditor\objectdb.conf

[2022-11-03 00:23:48 #3 type] 
Type com.company.texteditor.dbManager.User is not enhanced.

[2022-11-03 00:23:48 #4 store] 
Database 'C:\Users\USER\Desktop\OO\TW1\code\version6\TextEditor\db\user.odb' is closed by 49372@LAPTOP-3G6V943I

------------------------------------------------------------------------------------------------------------------------

[2022-11-03 00:24:28 #1 store] 
Database 'C:\Users\USER\Desktop\OO\TW1\code\version6\TextEditor\db\user.odb' is opened by 43028@LAPTOP-3G6V943I

[2022-11-03 00:24:28 #2 store] 
Configuration path: C:\Users\USER\Desktop\OO\TW1\code\version6\TextEditor\objectdb.conf

[2022-11-03 00:24:28 #3 type] 
Type com.company.texteditor.dbManager.User is not enhanced.

[2022-11-03 00:24:28 #4 store] 
Database 'C:\Users\USER\Desktop\OO\TW1\code\version6\TextEditor\db\user.odb' is closed by 43028@LAPTOP-3G6V943I

------------------------------------------------------------------------------------------------------------------------

[2022-11-03 00:26:09 #1 store] 
Database 'C:\Users\USER\Desktop\OO\TW1\code\version6\TextEditor\db\user.odb' is opened by 11516@LAPTOP-3G6V943I

[2022-11-03 00:26:09 #2 store] 
Configuration path: C:\Users\USER\Desktop\OO\TW1\code\version6\TextEditor\objectdb.conf

[2022-11-03 00:26:09 #3 type] 
Type com.company.texteditor.dbManager.User is not enhanced.

[2022-11-03 00:26:09 #4 store] 
Database 'C:\Users\USER\Desktop\OO\TW1\code\version6\TextEditor\db\user.odb' is closed by 11516@LAPTOP-3G6V943I

------------------------------------------------------------------------------------------------------------------------

[2022-11-03 00:26:36 #1 store] 
Database 'C:\Users\USER\Desktop\OO\TW1\code\version6\TextEditor\db\user.odb' is opened by 10136@LAPTOP-3G6V943I

[2022-11-03 00:26:36 #2 store] 
Configuration path: C:\Users\USER\Desktop\OO\TW1\code\version6\TextEditor\objectdb.conf

[2022-11-03 00:26:36 #3 type] 
Type com.company.texteditor.dbManager.User is not enhanced.

[2022-11-03 00:26:36 #4 store] 
Database 'C:\Users\USER\Desktop\OO\TW1\code\version6\TextEditor\db\user.odb' is closed by 10136@LAPTOP-3G6V943I

------------------------------------------------------------------------------------------------------------------------

[2022-11-03 00:28:25 #1 store] 
Database 'C:\Users\USER\Desktop\OO\TW1\code\version6\TextEditor\db\user.odb' is opened by 21028@LAPTOP-3G6V943I

[2022-11-03 00:28:25 #2 store] 
Configuration path: C:\Users\USER\Desktop\OO\TW1\code\version6\TextEditor\objectdb.conf

[2022-11-03 00:28:25 #3 type] 
Type com.company.texteditor.dbManager.User is not enhanced.

[2022-11-03 00:28:25 #4 store] 
Database 'C:\Users\USER\Desktop\OO\TW1\code\version6\TextEditor\db\user.odb' is closed by 21028@LAPTOP-3G6V943I

------------------------------------------------------------------------------------------------------------------------

[2022-11-03 00:29:01 #1 store] 
Database 'C:\Users\USER\Desktop\OO\TW1\code\version6\TextEditor\db\user.odb' is opened by 11884@LAPTOP-3G6V943I

[2022-11-03 00:29:01 #2 store] 
Configuration path: C:\Users\USER\Desktop\OO\TW1\code\version6\TextEditor\objectdb.conf

[2022-11-03 00:29:01 #3 type] 
Type com.company.texteditor.dbManager.User is not enhanced.

[2022-11-03 00:29:01 #4 store] 
Database 'C:\Users\USER\Desktop\OO\TW1\code\version6\TextEditor\db\user.odb' is closed by 11884@LAPTOP-3G6V943I

------------------------------------------------------------------------------------------------------------------------

[2022-11-03 00:31:11 #1 store] 
Database 'C:\Users\USER\Desktop\OO\TW1\code\version6\TextEditor\db\user.odb' is opened by 37256@LAPTOP-3G6V943I

[2022-11-03 00:31:11 #2 store] 
Configuration path: C:\Users\USER\Desktop\OO\TW1\code\version6\TextEditor\objectdb.conf

[2022-11-03 00:31:11 #3 type] 
Type com.company.texteditor.dbManager.User is not enhanced.

[2022-11-03 00:31:11 #4 store] 
Database 'C:\Users\USER\Desktop\OO\TW1\code\version6\TextEditor\db\user.odb' is closed by 37256@LAPTOP-3G6V943I

------------------------------------------------------------------------------------------------------------------------

[2022-11-03 01:05:23 #1 store] 
Database 'C:\Users\USER\Desktop\OO\TW1\code\version6\TextEditor\db\user.odb' is opened by 33580@LAPTOP-3G6V943I

[2022-11-03 01:05:23 #2 store] 
Configuration path: C:\Users\USER\Desktop\OO\TW1\code\version6\TextEditor\objectdb.conf

[2022-11-03 01:05:23 #3 type] 
Type com.company.texteditor.dbManager.User is not enhanced.

[2022-11-03 01:05:23 #4 store] 
Database 'C:\Users\USER\Desktop\OO\TW1\code\version6\TextEditor\db\user.odb' is closed by 33580@LAPTOP-3G6V943I

------------------------------------------------------------------------------------------------------------------------

[2022-11-03 01:05:43 #1 store] 
Database 'C:\Users\USER\Desktop\OO\TW1\code\version6\TextEditor\db\user.odb' is opened by 36700@LAPTOP-3G6V943I

[2022-11-03 01:05:43 #2 store] 
Configuration path: C:\Users\USER\Desktop\OO\TW1\code\version6\TextEditor\objectdb.conf

[2022-11-03 01:05:43 #3 type] 
Type com.company.texteditor.dbManager.User is not enhanced.

[2022-11-03 01:05:43 #4 store] 
Database 'C:\Users\USER\Desktop\OO\TW1\code\version6\TextEditor\db\user.odb' is closed by 36700@LAPTOP-3G6V943I

------------------------------------------------------------------------------------------------------------------------

[2022-11-03 03:44:51 #1 store] 
Database 'C:\Users\USER\Desktop\OO\TW1\code\version6\TextEditor\db\user.odb' is opened by 37920@LAPTOP-3G6V943I

[2022-11-03 03:44:51 #2 store] 
Configuration path: C:\Users\USER\Desktop\OO\TW1\code\version6\TextEditor\objectdb.conf

[2022-11-03 03:44:52 #3 type] 
Type com.company.texteditor.dbManager.User is not enhanced.

[2022-11-03 03:44:52 #4 store] 
Database 'C:\Users\USER\Desktop\OO\TW1\code\version6\TextEditor\db\user.odb' is closed by 37920@LAPTOP-3G6V943I

[2022-11-03 03:45:01 #5 store] 
Database 'C:\Users\USER\Desktop\OO\TW1\code\version6\TextEditor\db\user.odb' is opened by 37920@LAPTOP-3G6V943I

[2022-11-03 03:45:01 #6 store] 
Configuration path: C:\Users\USER\Desktop\OO\TW1\code\version6\TextEditor\objectdb.conf

[2022-11-03 03:45:01 #7 store] 
Database 'C:\Users\USER\Desktop\OO\TW1\code\version6\TextEditor\db\user.odb' is closed by 37920@LAPTOP-3G6V943I

[2022-11-03 03:45:25 #8 store] 
Database 'C:\Users\USER\Desktop\OO\TW1\code\version6\TextEditor\db\user.odb' is opened by 37920@LAPTOP-3G6V943I

[2022-11-03 03:45:25 #9 store] 
Configuration path: C:\Users\USER\Desktop\OO\TW1\code\version6\TextEditor\objectdb.conf

[2022-11-03 03:45:25 #10 store] 
Database 'C:\Users\USER\Desktop\OO\TW1\code\version6\TextEditor\db\user.odb' is closed by 37920@LAPTOP-3G6V943I

------------------------------------------------------------------------------------------------------------------------

[2022-11-03 03:55:17 #1 store] 
Database 'C:\Users\USER\Desktop\OO\TW1\code\version6\TextEditor\db\user.odb' is opened by 44604@LAPTOP-3G6V943I

[2022-11-03 03:55:17 #2 store] 
Configuration path: C:\Users\USER\Desktop\OO\TW1\code\version6\TextEditor\objectdb.conf

[2022-11-03 03:55:17 #3 type] 
Type com.company.texteditor.dbManager.User is not enhanced.

[2022-11-03 03:55:17 #4 store] 
Database 'C:\Users\USER\Desktop\OO\TW1\code\version6\TextEditor\db\user.odb' is closed by 44604@LAPTOP-3G6V943I

------------------------------------------------------------------------------------------------------------------------

[2022-11-03 03:58:10 #1 store] 
Database 'C:\Users\USER\Desktop\OO\TW1\code\version6\TextEditor\db\user.odb' is opened by 45728@LAPTOP-3G6V943I

[2022-11-03 03:58:10 #2 store] 
Configuration path: C:\Users\USER\Desktop\OO\TW1\code\version6\TextEditor\objectdb.conf

[2022-11-03 03:58:10 #3 type] 
Type com.company.texteditor.dbManager.User is not enhanced.

[2022-11-03 03:58:10 #4 store] 
Database 'C:\Users\USER\Desktop\OO\TW1\code\version6\TextEditor\db\user.odb' is closed by 45728@LAPTOP-3G6V943I

------------------------------------------------------------------------------------------------------------------------

[2022-11-03 03:59:07 #1 store] 
Database 'C:\Users\USER\Desktop\OO\TW1\code\version6\TextEditor\db\user.odb' is opened by 9856@LAPTOP-3G6V943I

[2022-11-03 03:59:07 #2 store] 
Configuration path: C:\Users\USER\Desktop\OO\TW1\code\version6\TextEditor\objectdb.conf

[2022-11-03 03:59:07 #3 type] 
Type com.company.texteditor.dbManager.User is not enhanced.

[2022-11-03 03:59:07 #4 store] 
Database 'C:\Users\USER\Desktop\OO\TW1\code\version6\TextEditor\db\user.odb' is closed by 9856@LAPTOP-3G6V943I

------------------------------------------------------------------------------------------------------------------------

[2022-11-03 04:01:09 #1 store] 
Database 'C:\Users\USER\Desktop\OO\TW1\code\version6\TextEditor\db\user.odb' is opened by 19960@LAPTOP-3G6V943I

[2022-11-03 04:01:09 #2 store] 
Configuration path: C:\Users\USER\Desktop\OO\TW1\code\version6\TextEditor\objectdb.conf

[2022-11-03 04:01:09 #3 type] 
Type com.company.texteditor.dbManager.User is not enhanced.

[2022-11-03 04:01:10 #4 store] 
Database 'C:\Users\USER\Desktop\OO\TW1\code\version6\TextEditor\db\user.odb' is closed by 19960@LAPTOP-3G6V943I

------------------------------------------------------------------------------------------------------------------------

[2022-11-03 04:01:40 #1 store] 
Database 'C:\Users\USER\Desktop\OO\TW1\code\version6\TextEditor\db\user.odb' is opened by 8568@LAPTOP-3G6V943I

[2022-11-03 04:01:40 #2 store] 
Configuration path: C:\Users\USER\Desktop\OO\TW1\code\version6\TextEditor\objectdb.conf

[2022-11-03 04:01:41 #3 type] 
Type com.company.texteditor.dbManager.User is not enhanced.

[2022-11-03 04:01:41 #4 store] 
Database 'C:\Users\USER\Desktop\OO\TW1\code\version6\TextEditor\db\user.odb' is closed by 8568@LAPTOP-3G6V943I

------------------------------------------------------------------------------------------------------------------------

[2022-11-03 04:03:13 #1 store] 
Database 'C:\Users\USER\Desktop\OO\TW1\code\version6\TextEditor\db\user.odb' is opened by 19340@LAPTOP-3G6V943I

[2022-11-03 04:03:13 #2 store] 
Configuration path: C:\Users\USER\Desktop\OO\TW1\code\version6\TextEditor\objectdb.conf

[2022-11-03 04:03:13 #3 type] 
Type com.company.texteditor.dbManager.User is not enhanced.

[2022-11-03 04:03:13 #4 store] 
Database 'C:\Users\USER\Desktop\OO\TW1\code\version6\TextEditor\db\user.odb' is closed by 19340@LAPTOP-3G6V943I

[2022-11-03 04:03:18 #5 store] 
Database 'C:\Users\USER\Desktop\OO\TW1\code\version6\TextEditor\db\user.odb' is opened by 19340@LAPTOP-3G6V943I

[2022-11-03 04:03:18 #6 store] 
Configuration path: C:\Users\USER\Desktop\OO\TW1\code\version6\TextEditor\objectdb.conf

[2022-11-03 04:03:18 #7 store] 
Database 'C:\Users\USER\Desktop\OO\TW1\code\version6\TextEditor\db\user.odb' is closed by 19340@LAPTOP-3G6V943I

------------------------------------------------------------------------------------------------------------------------

[2022-11-03 04:05:01 #1 store] 
Database 'C:\Users\USER\Desktop\OO\TW1\code\version6\TextEditor\db\user.odb' is opened by 8668@LAPTOP-3G6V943I

[2022-11-03 04:05:01 #2 store] 
Configuration path: C:\Users\USER\Desktop\OO\TW1\code\version6\TextEditor\objectdb.conf

[2022-11-03 04:05:01 #3 type] 
Type com.company.texteditor.dbManager.User is not enhanced.

[2022-11-03 04:05:01 #4 store] 
Database 'C:\Users\USER\Desktop\OO\TW1\code\version6\TextEditor\db\user.odb' is closed by 8668@LAPTOP-3G6V943I

------------------------------------------------------------------------------------------------------------------------

[2022-11-03 04:09:06 #1 store] 
Database 'C:\Users\USER\Desktop\OO\TW1\code\version6\TextEditor\db\user.odb' is opened by 51368@LAPTOP-3G6V943I

[2022-11-03 04:09:06 #2 store] 
Configuration path: C:\Users\USER\Desktop\OO\TW1\code\version6\TextEditor\objectdb.conf

[2022-11-03 04:09:06 #3 type] 
Type com.company.texteditor.dbManager.User is not enhanced.

[2022-11-03 04:09:06 #4 store] 
Database 'C:\Users\USER\Desktop\OO\TW1\code\version6\TextEditor\db\user.odb' is closed by 51368@LAPTOP-3G6V943I

------------------------------------------------------------------------------------------------------------------------

[2022-11-03 04:10:33 #1 store] 
Database 'C:\Users\USER\Desktop\OO\TW1\code\version6\TextEditor\db\user.odb' is opened by 48728@LAPTOP-3G6V943I

[2022-11-03 04:10:33 #2 store] 
Configuration path: C:\Users\USER\Desktop\OO\TW1\code\version6\TextEditor\objectdb.conf

[2022-11-03 04:10:33 #3 type] 
Type com.company.texteditor.dbManager.User is not enhanced.

[2022-11-03 04:10:33 #4 store] 
Database 'C:\Users\USER\Desktop\OO\TW1\code\version6\TextEditor\db\user.odb' is closed by 48728@LAPTOP-3G6V943I

------------------------------------------------------------------------------------------------------------------------

[2022-11-03 04:11:17 #1 store] 
Database 'C:\Users\USER\Desktop\OO\TW1\code\version6\TextEditor\db\user.odb' is opened by 2228@LAPTOP-3G6V943I

[2022-11-03 04:11:17 #2 store] 
Configuration path: C:\Users\USER\Desktop\OO\TW1\code\version6\TextEditor\objectdb.conf

[2022-11-03 04:11:17 #3 type] 
Type com.company.texteditor.dbManager.User is not enhanced.

[2022-11-03 04:11:17 #4 store] 
Database 'C:\Users\USER\Desktop\OO\TW1\code\version6\TextEditor\db\user.odb' is closed by 2228@LAPTOP-3G6V943I

------------------------------------------------------------------------------------------------------------------------

[2022-11-03 04:14:14 #1 store] 
Database 'C:\Users\USER\Desktop\OO\TW1\code\version6\TextEditor\db\user.odb' is opened by 48312@LAPTOP-3G6V943I

[2022-11-03 04:14:14 #2 store] 
Configuration path: C:\Users\USER\Desktop\OO\TW1\code\version6\TextEditor\objectdb.conf

[2022-11-03 04:14:14 #3 type] 
Type com.company.texteditor.dbManager.User is not enhanced.

[2022-11-03 04:14:14 #4 store] 
Database 'C:\Users\USER\Desktop\OO\TW1\code\version6\TextEditor\db\user.odb' is closed by 48312@LAPTOP-3G6V943I

------------------------------------------------------------------------------------------------------------------------

[2022-11-03 13:30:30 #1 store] 
Database 'C:\Users\USER\Desktop\OO\TW1\code\version6\TextEditor\db\user.odb' is opened by 36860@LAPTOP-3G6V943I

[2022-11-03 13:30:30 #2 store] 
Configuration path: C:\Users\USER\Desktop\OO\TW1\code\version6\TextEditor\objectdb.conf

[2022-11-03 13:30:30 #3 type] 
Type com.company.texteditor.dbManager.User is not enhanced.

[2022-11-03 13:30:30 #4 store] 
Database 'C:\Users\USER\Desktop\OO\TW1\code\version6\TextEditor\db\user.odb' is closed by 36860@LAPTOP-3G6V943I

------------------------------------------------------------------------------------------------------------------------

[2022-11-03 13:36:43 #1 store] 
Database 'C:\Users\USER\Desktop\OO\TW1\code\version6\TextEditor\db\user.odb' is opened by 19888@LAPTOP-3G6V943I

[2022-11-03 13:36:43 #2 store] 
Configuration path: C:\Users\USER\Desktop\OO\TW1\code\version6\TextEditor\objectdb.conf

[2022-11-03 13:36:43 #3 type] 
Type com.company.texteditor.dbManager.User is not enhanced.

[2022-11-03 13:36:43 #4 store] 
Database 'C:\Users\USER\Desktop\OO\TW1\code\version6\TextEditor\db\user.odb' is closed by 19888@LAPTOP-3G6V943I

------------------------------------------------------------------------------------------------------------------------

[2022-11-03 13:38:38 #1 store] 
Database 'C:\Users\USER\Desktop\OO\TW1\code\version6\TextEditor\db\user.odb' is opened by 15968@LAPTOP-3G6V943I

[2022-11-03 13:38:38 #2 store] 
Configuration path: C:\Users\USER\Desktop\OO\TW1\code\version6\TextEditor\objectdb.conf

[2022-11-03 13:38:38 #3 type] 
Type com.company.texteditor.dbManager.User is not enhanced.

[2022-11-03 13:38:38 #4 store] 
Database 'C:\Users\USER\Desktop\OO\TW1\code\version6\TextEditor\db\user.odb' is closed by 15968@LAPTOP-3G6V943I

------------------------------------------------------------------------------------------------------------------------

[2022-11-03 13:42:20 #1 store] 
Database 'C:\Users\USER\Desktop\OO\TW1\code\version6\TextEditor\db\user.odb' is opened by 30816@LAPTOP-3G6V943I

[2022-11-03 13:42:20 #2 store] 
Configuration path: C:\Users\USER\Desktop\OO\TW1\code\version6\TextEditor\objectdb.conf

[2022-11-03 13:42:20 #3 type] 
Type com.company.texteditor.dbManager.User is not enhanced.

[2022-11-03 13:42:20 #4 store] 
Database 'C:\Users\USER\Desktop\OO\TW1\code\version6\TextEditor\db\user.odb' is closed by 30816@LAPTOP-3G6V943I

------------------------------------------------------------------------------------------------------------------------

[2022-11-03 13:43:11 #1 store] 
Database 'C:\Users\USER\Desktop\OO\TW1\code\version6\TextEditor\db\user.odb' is opened by 18268@LAPTOP-3G6V943I

[2022-11-03 13:43:11 #2 store] 
Configuration path: C:\Users\USER\Desktop\OO\TW1\code\version6\TextEditor\objectdb.conf

[2022-11-03 13:43:11 #3 type] 
Type com.company.texteditor.dbManager.User is not enhanced.

[2022-11-03 13:43:11 #4 store] 
Database 'C:\Users\USER\Desktop\OO\TW1\code\version6\TextEditor\db\user.odb' is closed by 18268@LAPTOP-3G6V943I

------------------------------------------------------------------------------------------------------------------------

[2022-11-03 13:43:49 #1 store] 
Database 'C:\Users\USER\Desktop\OO\TW1\code\version6\TextEditor\db\user.odb' is opened by 29456@LAPTOP-3G6V943I

[2022-11-03 13:43:49 #2 store] 
Configuration path: C:\Users\USER\Desktop\OO\TW1\code\version6\TextEditor\objectdb.conf

[2022-11-03 13:43:49 #3 type] 
Type com.company.texteditor.dbManager.User is not enhanced.

[2022-11-03 13:43:49 #4 store] 
Database 'C:\Users\USER\Desktop\OO\TW1\code\version6\TextEditor\db\user.odb' is closed by 29456@LAPTOP-3G6V943I

------------------------------------------------------------------------------------------------------------------------

[2022-11-03 13:46:49 #1 store] 
Database 'C:\Users\USER\Desktop\OO\TW1\code\version6\TextEditor\db\user.odb' is opened by 43628@LAPTOP-3G6V943I

[2022-11-03 13:46:49 #2 store] 
Configuration path: C:\Users\USER\Desktop\OO\TW1\code\version6\TextEditor\objectdb.conf

[2022-11-03 13:46:49 #3 type] 
Type com.company.texteditor.dbManager.User is not enhanced.

[2022-11-03 13:46:49 #4 store] 
Database 'C:\Users\USER\Desktop\OO\TW1\code\version6\TextEditor\db\user.odb' is closed by 43628@LAPTOP-3G6V943I

------------------------------------------------------------------------------------------------------------------------

[2022-11-03 13:48:20 #1 store] 
Database 'C:\Users\USER\Desktop\OO\TW1\code\version6\TextEditor\db\user.odb' is opened by 2524@LAPTOP-3G6V943I

[2022-11-03 13:48:20 #2 store] 
Configuration path: C:\Users\USER\Desktop\OO\TW1\code\version6\TextEditor\objectdb.conf

[2022-11-03 13:48:20 #3 type] 
Type com.company.texteditor.dbManager.User is not enhanced.

[2022-11-03 13:48:20 #4 store] 
Database 'C:\Users\USER\Desktop\OO\TW1\code\version6\TextEditor\db\user.odb' is closed by 2524@LAPTOP-3G6V943I

------------------------------------------------------------------------------------------------------------------------

[2022-11-03 13:51:34 #1 store] 
Database 'C:\Users\USER\Desktop\OO\TW1\code\version6\TextEditor\db\user.odb' is opened by 7576@LAPTOP-3G6V943I

[2022-11-03 13:51:34 #2 store] 
Configuration path: C:\Users\USER\Desktop\OO\TW1\code\version6\TextEditor\objectdb.conf

[2022-11-03 13:51:34 #3 type] 
Type com.company.texteditor.dbManager.User is not enhanced.

[2022-11-03 13:51:34 #4 store] 
Database 'C:\Users\USER\Desktop\OO\TW1\code\version6\TextEditor\db\user.odb' is closed by 7576@LAPTOP-3G6V943I

------------------------------------------------------------------------------------------------------------------------

[2022-11-03 13:54:35 #1 store] 
Database 'C:\Users\USER\Desktop\OO\TW1\code\version6\TextEditor\db\user.odb' is opened by 25608@LAPTOP-3G6V943I

[2022-11-03 13:54:35 #2 store] 
Configuration path: C:\Users\USER\Desktop\OO\TW1\code\version6\TextEditor\objectdb.conf

[2022-11-03 13:54:35 #3 type] 
Type com.company.texteditor.dbManager.User is not enhanced.

[2022-11-03 13:54:35 #4 store] 
Database 'C:\Users\USER\Desktop\OO\TW1\code\version6\TextEditor\db\user.odb' is closed by 25608@LAPTOP-3G6V943I

------------------------------------------------------------------------------------------------------------------------

[2022-11-03 13:55:28 #1 store] 
Database 'C:\Users\USER\Desktop\OO\TW1\code\version6\TextEditor\db\user.odb' is opened by 46108@LAPTOP-3G6V943I

[2022-11-03 13:55:28 #2 store] 
Configuration path: C:\Users\USER\Desktop\OO\TW1\code\version6\TextEditor\objectdb.conf

[2022-11-03 13:55:28 #3 type] 
Type com.company.texteditor.dbManager.User is not enhanced.

[2022-11-03 13:55:28 #4 store] 
Database 'C:\Users\USER\Desktop\OO\TW1\code\version6\TextEditor\db\user.odb' is closed by 46108@LAPTOP-3G6V943I

------------------------------------------------------------------------------------------------------------------------

[2022-11-03 13:58:05 #1 store] 
Database 'C:\Users\USER\Desktop\OO\TW1\code\version6\TextEditor\db\user.odb' is opened by 13796@LAPTOP-3G6V943I

[2022-11-03 13:58:05 #2 store] 
Configuration path: C:\Users\USER\Desktop\OO\TW1\code\version6\TextEditor\objectdb.conf

[2022-11-03 13:58:05 #3 type] 
Type com.company.texteditor.dbManager.User is not enhanced.

[2022-11-03 13:58:06 #4 store] 
Database 'C:\Users\USER\Desktop\OO\TW1\code\version6\TextEditor\db\user.odb' is closed by 13796@LAPTOP-3G6V943I

------------------------------------------------------------------------------------------------------------------------

[2022-11-03 13:59:47 #1 store] 
Database 'C:\Users\USER\Desktop\OO\TW1\code\version6\TextEditor\db\user.odb' is opened by 24728@LAPTOP-3G6V943I

[2022-11-03 13:59:47 #2 store] 
Configuration path: C:\Users\USER\Desktop\OO\TW1\code\version6\TextEditor\objectdb.conf

[2022-11-03 13:59:47 #3 type] 
Type com.company.texteditor.dbManager.User is not enhanced.

[2022-11-03 13:59:47 #4 store] 
Database 'C:\Users\USER\Desktop\OO\TW1\code\version6\TextEditor\db\user.odb' is closed by 24728@LAPTOP-3G6V943I

------------------------------------------------------------------------------------------------------------------------

[2022-11-03 14:01:10 #1 store] 
Database 'C:\Users\USER\Desktop\OO\TW1\code\version6\TextEditor\db\user.odb' is opened by 49916@LAPTOP-3G6V943I

[2022-11-03 14:01:10 #2 store] 
Configuration path: C:\Users\USER\Desktop\OO\TW1\code\version6\TextEditor\objectdb.conf

[2022-11-03 14:01:10 #3 type] 
Type com.company.texteditor.dbManager.User is not enhanced.

[2022-11-03 14:01:10 #4 store] 
Database 'C:\Users\USER\Desktop\OO\TW1\code\version6\TextEditor\db\user.odb' is closed by 49916@LAPTOP-3G6V943I

------------------------------------------------------------------------------------------------------------------------

[2022-11-03 14:03:46 #1 store] 
Database 'C:\Users\USER\Desktop\OO\TW1\code\version6\TextEditor\db\user.odb' is opened by 30568@LAPTOP-3G6V943I

[2022-11-03 14:03:46 #2 store] 
Configuration path: C:\Users\USER\Desktop\OO\TW1\code\version6\TextEditor\objectdb.conf

[2022-11-03 14:03:46 #3 type] 
Type com.company.texteditor.dbManager.User is not enhanced.

[2022-11-03 14:03:46 #4 store] 
Database 'C:\Users\USER\Desktop\OO\TW1\code\version6\TextEditor\db\user.odb' is closed by 30568@LAPTOP-3G6V943I

------------------------------------------------------------------------------------------------------------------------

[2022-11-03 14:24:56 #1 store] 
Database 'C:\Users\USER\Desktop\OO\TW1\code\version6\TextEditor\db\user.odb' is opened by 46468@LAPTOP-3G6V943I

[2022-11-03 14:24:56 #2 store] 
Configuration path: C:\Users\USER\Desktop\OO\TW1\code\version6\TextEditor\objectdb.conf

[2022-11-03 14:24:56 #3 type] 
Type com.company.texteditor.dbManager.User is not enhanced.

[2022-11-03 14:24:56 #4 store] 
Database 'C:\Users\USER\Desktop\OO\TW1\code\version6\TextEditor\db\user.odb' is closed by 46468@LAPTOP-3G6V943I

------------------------------------------------------------------------------------------------------------------------

[2022-11-03 14:28:24 #1 store] 
Database 'C:\Users\USER\Desktop\OO\TW1\code\version6\TextEditor\db\user.odb' is opened by 17844@LAPTOP-3G6V943I

[2022-11-03 14:28:24 #2 store] 
Configuration path: C:\Users\USER\Desktop\OO\TW1\code\version6\TextEditor\objectdb.conf

[2022-11-03 14:28:24 #3 type] 
Type com.company.texteditor.dbManager.User is not enhanced.

[2022-11-03 14:28:24 #4 store] 
Database 'C:\Users\USER\Desktop\OO\TW1\code\version6\TextEditor\db\user.odb' is closed by 17844@LAPTOP-3G6V943I

------------------------------------------------------------------------------------------------------------------------

[2022-11-03 14:29:12 #1 store] 
Database 'C:\Users\USER\Desktop\OO\TW1\code\version6\TextEditor\db\user.odb' is opened by 42200@LAPTOP-3G6V943I

[2022-11-03 14:29:12 #2 store] 
Configuration path: C:\Users\USER\Desktop\OO\TW1\code\version6\TextEditor\objectdb.conf

[2022-11-03 14:29:12 #3 type] 
Type com.company.texteditor.dbManager.User is not enhanced.

[2022-11-03 14:29:12 #4 store] 
Database 'C:\Users\USER\Desktop\OO\TW1\code\version6\TextEditor\db\user.odb' is closed by 42200@LAPTOP-3G6V943I

------------------------------------------------------------------------------------------------------------------------

[2022-11-03 14:29:28 #1 store] 
Database 'C:\Users\USER\Desktop\OO\TW1\code\version6\TextEditor\db\user.odb' is opened by 44036@LAPTOP-3G6V943I

[2022-11-03 14:29:28 #2 store] 
Configuration path: C:\Users\USER\Desktop\OO\TW1\code\version6\TextEditor\objectdb.conf

[2022-11-03 14:29:28 #3 type] 
Type com.company.texteditor.dbManager.User is not enhanced.

[2022-11-03 14:29:28 #4 store] 
Database 'C:\Users\USER\Desktop\OO\TW1\code\version6\TextEditor\db\user.odb' is closed by 44036@LAPTOP-3G6V943I

------------------------------------------------------------------------------------------------------------------------

[2022-11-03 14:34:23 #1 store] 
Database 'C:\Users\USER\Desktop\OO\TW1\code\version6\TextEditor\db\user.odb' is opened by 8680@LAPTOP-3G6V943I

[2022-11-03 14:34:23 #2 store] 
Configuration path: C:\Users\USER\Desktop\OO\TW1\code\version6\TextEditor\objectdb.conf

[2022-11-03 14:34:23 #3 type] 
Type com.company.texteditor.dbManager.User is not enhanced.

[2022-11-03 14:34:23 #4 store] 
Database 'C:\Users\USER\Desktop\OO\TW1\code\version6\TextEditor\db\user.odb' is closed by 8680@LAPTOP-3G6V943I

[2022-11-03 14:34:33 #5 store] 
Database 'C:\Users\USER\Desktop\OO\TW1\code\version6\TextEditor\db\user.odb' is opened by 8680@LAPTOP-3G6V943I

[2022-11-03 14:34:33 #6 store] 
Configuration path: C:\Users\USER\Desktop\OO\TW1\code\version6\TextEditor\objectdb.conf

[2022-11-03 14:34:33 #7 store] 
Database 'C:\Users\USER\Desktop\OO\TW1\code\version6\TextEditor\db\user.odb' is closed by 8680@LAPTOP-3G6V943I

------------------------------------------------------------------------------------------------------------------------

[2022-11-03 14:37:37 #1 store] 
Database 'C:\Users\USER\Desktop\OO\TW1\code\version6\TextEditor\db\user.odb' is opened by 17288@LAPTOP-3G6V943I

[2022-11-03 14:37:37 #2 store] 
Configuration path: C:\Users\USER\Desktop\OO\TW1\code\version6\TextEditor\objectdb.conf

[2022-11-03 14:37:37 #3 type] 
Type com.company.texteditor.dbManager.User is not enhanced.

[2022-11-03 14:37:37 #4 store] 
Database 'C:\Users\USER\Desktop\OO\TW1\code\version6\TextEditor\db\user.odb' is closed by 17288@LAPTOP-3G6V943I

[2022-11-03 14:37:40 #5 store] 
Database 'C:\Users\USER\Desktop\OO\TW1\code\version6\TextEditor\db\user.odb' is opened by 17288@LAPTOP-3G6V943I

[2022-11-03 14:37:40 #6 store] 
Configuration path: C:\Users\USER\Desktop\OO\TW1\code\version6\TextEditor\objectdb.conf

[2022-11-03 14:37:40 #7 store] 
Database 'C:\Users\USER\Desktop\OO\TW1\code\version6\TextEditor\db\user.odb' is closed by 17288@LAPTOP-3G6V943I

[2022-11-03 14:37:44 #8 store] 
Database 'C:\Users\USER\Desktop\OO\TW1\code\version6\TextEditor\db\user.odb' is opened by 17288@LAPTOP-3G6V943I

[2022-11-03 14:37:44 #9 store] 
Configuration path: C:\Users\USER\Desktop\OO\TW1\code\version6\TextEditor\objectdb.conf

[2022-11-03 14:37:44 #10 store] 
Database 'C:\Users\USER\Desktop\OO\TW1\code\version6\TextEditor\db\user.odb' is closed by 17288@LAPTOP-3G6V943I

[2022-11-03 14:37:59 #11 store] 
Database 'C:\Users\USER\Desktop\OO\TW1\code\version6\TextEditor\db\user.odb' is opened by 17288@LAPTOP-3G6V943I

[2022-11-03 14:37:59 #12 store] 
Configuration path: C:\Users\USER\Desktop\OO\TW1\code\version6\TextEditor\objectdb.conf

[2022-11-03 14:37:59 #13 store] 
Database 'C:\Users\USER\Desktop\OO\TW1\code\version6\TextEditor\db\user.odb' is closed by 17288@LAPTOP-3G6V943I

------------------------------------------------------------------------------------------------------------------------

[2022-11-03 15:10:39 #1 store] 
Database 'C:\Users\USER\Desktop\OO\TW1\code\version6\TextEditor\db\user.odb' is opened by 16040@LAPTOP-3G6V943I

[2022-11-03 15:10:39 #2 store] 
Configuration path: C:\Users\USER\Desktop\OO\TW1\code\version6\TextEditor\objectdb.conf

[2022-11-03 15:10:39 #3 type] 
Type com.company.texteditor.dbManager.User is not enhanced.

[2022-11-03 15:10:39 #4 store] 
Database 'C:\Users\USER\Desktop\OO\TW1\code\version6\TextEditor\db\user.odb' is closed by 16040@LAPTOP-3G6V943I

[2022-11-03 15:11:37 #5 store] 
Database 'C:\Users\USER\Desktop\OO\TW1\code\version6\TextEditor\db\user.odb' is opened by 16040@LAPTOP-3G6V943I

[2022-11-03 15:11:37 #6 store] 
Configuration path: C:\Users\USER\Desktop\OO\TW1\code\version6\TextEditor\objectdb.conf

[2022-11-03 15:11:37 #7 store] 
Database 'C:\Users\USER\Desktop\OO\TW1\code\version6\TextEditor\db\user.odb' is closed by 16040@LAPTOP-3G6V943I

[2022-11-03 15:11:48 #8 store] 
Database 'C:\Users\USER\Desktop\OO\TW1\code\version6\TextEditor\db\user.odb' is opened by 16040@LAPTOP-3G6V943I

[2022-11-03 15:11:48 #9 store] 
Configuration path: C:\Users\USER\Desktop\OO\TW1\code\version6\TextEditor\objectdb.conf

[2022-11-03 15:11:48 #10 store] 
Database 'C:\Users\USER\Desktop\OO\TW1\code\version6\TextEditor\db\user.odb' is closed by 16040@LAPTOP-3G6V943I

------------------------------------------------------------------------------------------------------------------------

[2022-11-03 15:13:08 #1 store] 
Database 'C:\Users\USER\Desktop\OO\TW1\code\version6\TextEditor\db\user.odb' is opened by 45404@LAPTOP-3G6V943I

[2022-11-03 15:13:08 #2 store] 
Configuration path: C:\Users\USER\Desktop\OO\TW1\code\version6\TextEditor\objectdb.conf

[2022-11-03 15:13:08 #3 type] 
Type com.company.texteditor.dbManager.User is not enhanced.

[2022-11-03 15:13:08 #4 store] 
Database 'C:\Users\USER\Desktop\OO\TW1\code\version6\TextEditor\db\user.odb' is closed by 45404@LAPTOP-3G6V943I

[2022-11-03 15:13:10 #5 store] 
Database 'C:\Users\USER\Desktop\OO\TW1\code\version6\TextEditor\db\user.odb' is opened by 45404@LAPTOP-3G6V943I

[2022-11-03 15:13:10 #6 store] 
Configuration path: C:\Users\USER\Desktop\OO\TW1\code\version6\TextEditor\objectdb.conf

[2022-11-03 15:13:10 #7 store] 
Database 'C:\Users\USER\Desktop\OO\TW1\code\version6\TextEditor\db\user.odb' is closed by 45404@LAPTOP-3G6V943I

------------------------------------------------------------------------------------------------------------------------

[2022-11-03 15:13:47 #1 store] 
Database 'C:\Users\USER\Desktop\OO\TW1\code\version6\TextEditor\db\user.odb' is opened by 50816@LAPTOP-3G6V943I

[2022-11-03 15:13:47 #2 store] 
Configuration path: C:\Users\USER\Desktop\OO\TW1\code\version6\TextEditor\objectdb.conf

[2022-11-03 15:13:47 #3 type] 
Type com.company.texteditor.dbManager.User is not enhanced.

[2022-11-03 15:13:47 #4 store] 
Database 'C:\Users\USER\Desktop\OO\TW1\code\version6\TextEditor\db\user.odb' is closed by 50816@LAPTOP-3G6V943I

------------------------------------------------------------------------------------------------------------------------

[2022-11-03 15:17:41 #1 store] 
Database 'C:\Users\USER\Desktop\OO\TW1\code\version6\TextEditor\db\user.odb' is opened by 33884@LAPTOP-3G6V943I

[2022-11-03 15:17:41 #2 store] 
Configuration path: C:\Users\USER\Desktop\OO\TW1\code\version6\TextEditor\objectdb.conf

[2022-11-03 15:17:41 #3 type] 
Type com.company.texteditor.dbManager.User is not enhanced.

[2022-11-03 15:17:41 #4 store] 
Database 'C:\Users\USER\Desktop\OO\TW1\code\version6\TextEditor\db\user.odb' is closed by 33884@LAPTOP-3G6V943I

------------------------------------------------------------------------------------------------------------------------

[2022-11-03 15:31:36 #1 store] 
Database 'C:\Users\USER\Desktop\OO\TW1\code\version6\TextEditor\db\user.odb' is opened by 51196@LAPTOP-3G6V943I

[2022-11-03 15:31:36 #2 store] 
Configuration path: C:\Users\USER\Desktop\OO\TW1\code\version6\TextEditor\objectdb.conf

[2022-11-03 15:31:36 #3 type] 
Type com.company.texteditor.dbManager.User is not enhanced.

[2022-11-03 15:31:36 #4 store] 
Database 'C:\Users\USER\Desktop\OO\TW1\code\version6\TextEditor\db\user.odb' is closed by 51196@LAPTOP-3G6V943I

[2022-11-03 15:31:45 #5 store] 
Database 'C:\Users\USER\Desktop\OO\TW1\code\version6\TextEditor\db\user.odb' is opened by 51196@LAPTOP-3G6V943I

[2022-11-03 15:31:45 #6 store] 
Configuration path: C:\Users\USER\Desktop\OO\TW1\code\version6\TextEditor\objectdb.conf

[2022-11-03 15:31:45 #7 store] 
Database 'C:\Users\USER\Desktop\OO\TW1\code\version6\TextEditor\db\user.odb' is closed by 51196@LAPTOP-3G6V943I

[2022-11-03 15:31:48 #8 store] 
Database 'C:\Users\USER\Desktop\OO\TW1\code\version6\TextEditor\db\user.odb' is opened by 51196@LAPTOP-3G6V943I

[2022-11-03 15:31:48 #9 store] 
Configuration path: C:\Users\USER\Desktop\OO\TW1\code\version6\TextEditor\objectdb.conf

[2022-11-03 15:31:48 #10 store] 
Database 'C:\Users\USER\Desktop\OO\TW1\code\version6\TextEditor\db\user.odb' is closed by 51196@LAPTOP-3G6V943I

[2022-11-03 15:31:49 #11 store] 
Database 'C:\Users\USER\Desktop\OO\TW1\code\version6\TextEditor\db\user.odb' is opened by 51196@LAPTOP-3G6V943I

[2022-11-03 15:31:49 #12 store] 
Configuration path: C:\Users\USER\Desktop\OO\TW1\code\version6\TextEditor\objectdb.conf

[2022-11-03 15:31:50 #13 store] 
Database 'C:\Users\USER\Desktop\OO\TW1\code\version6\TextEditor\db\user.odb' is closed by 51196@LAPTOP-3G6V943I

------------------------------------------------------------------------------------------------------------------------

[2022-11-03 15:32:35 #1 store] 
Database 'C:\Users\USER\Desktop\OO\TW1\code\version6\TextEditor\db\user.odb' is opened by 20984@LAPTOP-3G6V943I

[2022-11-03 15:32:35 #2 store] 
Configuration path: C:\Users\USER\Desktop\OO\TW1\code\version6\TextEditor\objectdb.conf

[2022-11-03 15:32:35 #3 type] 
Type com.company.texteditor.dbManager.User is not enhanced.

[2022-11-03 15:32:35 #4 store] 
Database 'C:\Users\USER\Desktop\OO\TW1\code\version6\TextEditor\db\user.odb' is closed by 20984@LAPTOP-3G6V943I

------------------------------------------------------------------------------------------------------------------------

[2022-11-03 15:33:11 #1 store] 
Database 'C:\Users\USER\Desktop\OO\TW1\code\version6\TextEditor\db\user.odb' is opened by 45428@LAPTOP-3G6V943I

[2022-11-03 15:33:11 #2 store] 
Configuration path: C:\Users\USER\Desktop\OO\TW1\code\version6\TextEditor\objectdb.conf

[2022-11-03 15:33:11 #3 type] 
Type com.company.texteditor.dbManager.User is not enhanced.

[2022-11-03 15:33:11 #4 store] 
Database 'C:\Users\USER\Desktop\OO\TW1\code\version6\TextEditor\db\user.odb' is closed by 45428@LAPTOP-3G6V943I

------------------------------------------------------------------------------------------------------------------------

[2022-11-03 15:34:21 #1 store] 
Database 'C:\Users\USER\Desktop\OO\TW1\code\version6\TextEditor\db\user.odb' is opened by 17388@LAPTOP-3G6V943I

[2022-11-03 15:34:21 #2 store] 
Configuration path: C:\Users\USER\Desktop\OO\TW1\code\version6\TextEditor\objectdb.conf

[2022-11-03 15:34:21 #3 type] 
Type com.company.texteditor.dbManager.User is not enhanced.

[2022-11-03 15:34:21 #4 store] 
Database 'C:\Users\USER\Desktop\OO\TW1\code\version6\TextEditor\db\user.odb' is closed by 17388@LAPTOP-3G6V943I

------------------------------------------------------------------------------------------------------------------------

[2022-11-03 15:35:40 #1 store] 
Database 'C:\Users\USER\Desktop\OO\TW1\code\version6\TextEditor\db\user.odb' is opened by 29992@LAPTOP-3G6V943I

[2022-11-03 15:35:40 #2 store] 
Configuration path: C:\Users\USER\Desktop\OO\TW1\code\version6\TextEditor\objectdb.conf

[2022-11-03 15:35:40 #3 type] 
Type com.company.texteditor.dbManager.User is not enhanced.

[2022-11-03 15:35:40 #4 store] 
Database 'C:\Users\USER\Desktop\OO\TW1\code\version6\TextEditor\db\user.odb' is closed by 29992@LAPTOP-3G6V943I

------------------------------------------------------------------------------------------------------------------------

[2022-11-03 15:37:17 #1 store] 
Database 'C:\Users\USER\Desktop\OO\TW1\code\version6\TextEditor\db\user.odb' is opened by 29808@LAPTOP-3G6V943I

[2022-11-03 15:37:17 #2 store] 
Configuration path: C:\Users\USER\Desktop\OO\TW1\code\version6\TextEditor\objectdb.conf

[2022-11-03 15:37:17 #3 type] 
Type com.company.texteditor.dbManager.User is not enhanced.

[2022-11-03 15:37:17 #4 store] 
Database 'C:\Users\USER\Desktop\OO\TW1\code\version6\TextEditor\db\user.odb' is closed by 29808@LAPTOP-3G6V943I

------------------------------------------------------------------------------------------------------------------------

[2022-11-03 15:37:55 #1 store] 
Database 'C:\Users\USER\Desktop\OO\TW1\code\version6\TextEditor\db\user.odb' is opened by 24260@LAPTOP-3G6V943I

[2022-11-03 15:37:55 #2 store] 
Configuration path: C:\Users\USER\Desktop\OO\TW1\code\version6\TextEditor\objectdb.conf

[2022-11-03 15:37:55 #3 type] 
Type com.company.texteditor.dbManager.User is not enhanced.

[2022-11-03 15:37:55 #4 store] 
Database 'C:\Users\USER\Desktop\OO\TW1\code\version6\TextEditor\db\user.odb' is closed by 24260@LAPTOP-3G6V943I

------------------------------------------------------------------------------------------------------------------------

[2022-11-03 15:38:51 #1 store] 
Database 'C:\Users\USER\Desktop\OO\TW1\code\version6\TextEditor\db\user.odb' is opened by 6216@LAPTOP-3G6V943I

[2022-11-03 15:38:51 #2 store] 
Configuration path: C:\Users\USER\Desktop\OO\TW1\code\version6\TextEditor\objectdb.conf

[2022-11-03 15:38:51 #3 type] 
Type com.company.texteditor.dbManager.User is not enhanced.

[2022-11-03 15:38:51 #4 store] 
Database 'C:\Users\USER\Desktop\OO\TW1\code\version6\TextEditor\db\user.odb' is closed by 6216@LAPTOP-3G6V943I

------------------------------------------------------------------------------------------------------------------------

[2022-11-03 15:40:49 #1 store] 
Database 'C:\Users\USER\Desktop\OO\TW1\code\version6\TextEditor\db\user.odb' is opened by 51980@LAPTOP-3G6V943I

[2022-11-03 15:40:49 #2 store] 
Configuration path: C:\Users\USER\Desktop\OO\TW1\code\version6\TextEditor\objectdb.conf

[2022-11-03 15:40:49 #3 type] 
Type com.company.texteditor.dbManager.User is not enhanced.

[2022-11-03 15:40:50 #4 store] 
Database 'C:\Users\USER\Desktop\OO\TW1\code\version6\TextEditor\db\user.odb' is closed by 51980@LAPTOP-3G6V943I

------------------------------------------------------------------------------------------------------------------------

[2022-11-03 15:41:18 #1 store] 
Database 'C:\Users\USER\Desktop\OO\TW1\code\version6\TextEditor\db\user.odb' is opened by 35908@LAPTOP-3G6V943I

[2022-11-03 15:41:18 #2 store] 
Configuration path: C:\Users\USER\Desktop\OO\TW1\code\version6\TextEditor\objectdb.conf

[2022-11-03 15:41:18 #3 type] 
Type com.company.texteditor.dbManager.User is not enhanced.

[2022-11-03 15:41:18 #4 store] 
Database 'C:\Users\USER\Desktop\OO\TW1\code\version6\TextEditor\db\user.odb' is closed by 35908@LAPTOP-3G6V943I

