------------------------------------------------------------------------------------------------------------------------

[2022-11-01 23:16:50 #1 store] 
Database 'C:\Users\USER\Desktop\OO\TW1\code\version5\TextEditor\db\user.odb' is opened by 51140@LAPTOP-3G6V943I

[2022-11-01 23:16:50 #2 store] 
Configuration path: C:\Users\USER\Desktop\OO\TW1\code\version5\TextEditor\objectdb.conf

[2022-11-01 23:16:51 #3 type] 
Type com.company.texteditor.dbManager.User is not enhanced.

------------------------------------------------------------------------------------------------------------------------

[2022-11-01 23:18:52 #1 store] 
Database 'C:\Users\USER\Desktop\OO\TW1\code\version5\TextEditor\db\user.odb' has been recovered (tr. 1-3)

[2022-11-01 23:18:53 #2 store] 
Database 'C:\Users\USER\Desktop\OO\TW1\code\version5\TextEditor\db\user.odb' is opened by 46676@LAPTOP-3G6V943I

[2022-11-01 23:18:53 #3 store] 
Configuration path: C:\Users\USER\Desktop\OO\TW1\code\version5\TextEditor\objectdb.conf

[2022-11-01 23:18:53 #4 type] 
Type com.company.texteditor.dbManager.User is not enhanced.

[2022-11-01 23:18:53 #5 store] 
Database 'C:\Users\USER\Desktop\OO\TW1\code\version5\TextEditor\db\user.odb' is closed by 46676@LAPTOP-3G6V943I

[2022-11-01 23:19:00 #6 store] 
Database 'C:\Users\USER\Desktop\OO\TW1\code\version5\TextEditor\db\user.odb' is opened by 46676@LAPTOP-3G6V943I

[2022-11-01 23:19:00 #7 store] 
Configuration path: C:\Users\USER\Desktop\OO\TW1\code\version5\TextEditor\objectdb.conf

------------------------------------------------------------------------------------------------------------------------

[2022-11-01 23:20:43 #1 store] 
Database 'C:\Users\USER\Desktop\OO\TW1\code\version5\TextEditor\db\user.odb' is opened by 50160@LAPTOP-3G6V943I

[2022-11-01 23:20:43 #2 store] 
Configuration path: C:\Users\USER\Desktop\OO\TW1\code\version5\TextEditor\objectdb.conf

[2022-11-01 23:20:43 #3 type] 
Type com.company.texteditor.dbManager.User is not enhanced.

------------------------------------------------------------------------------------------------------------------------

[2022-11-01 23:48:20 #1 store] 
Database 'C:\Users\USER\Desktop\OO\TW1\code\version5\TextEditor\db\user.odb' is opened by 31684@LAPTOP-3G6V943I

[2022-11-01 23:48:20 #2 store] 
Configuration path: C:\Users\USER\Desktop\OO\TW1\code\version5\TextEditor\objectdb.conf

[2022-11-01 23:48:20 #3 type] 
Type com.company.texteditor.dbManager.User is not enhanced.

------------------------------------------------------------------------------------------------------------------------

[2022-11-01 23:49:44 #1 store] 
Database 'C:\Users\USER\Desktop\OO\TW1\code\version5\TextEditor\db\user.odb' is opened by 45232@LAPTOP-3G6V943I

[2022-11-01 23:49:44 #2 store] 
Configuration path: C:\Users\USER\Desktop\OO\TW1\code\version5\TextEditor\objectdb.conf

[2022-11-01 23:49:44 #3 type] 
Type com.company.texteditor.dbManager.User is not enhanced.

------------------------------------------------------------------------------------------------------------------------

[2022-11-01 23:50:57 #1 store] 
Database 'C:\Users\USER\Desktop\OO\TW1\code\version5\TextEditor\db\user.odb' is opened by 51436@LAPTOP-3G6V943I

[2022-11-01 23:50:57 #2 store] 
Configuration path: C:\Users\USER\Desktop\OO\TW1\code\version5\TextEditor\objectdb.conf

[2022-11-01 23:50:57 #3 type] 
Type com.company.texteditor.dbManager.User is not enhanced.

------------------------------------------------------------------------------------------------------------------------

[2022-11-01 23:55:09 #1 store] 
Database 'C:\Users\USER\Desktop\OO\TW1\code\version5\TextEditor\db\user.odb' is opened by 45140@LAPTOP-3G6V943I

[2022-11-01 23:55:09 #2 store] 
Configuration path: C:\Users\USER\Desktop\OO\TW1\code\version5\TextEditor\objectdb.conf

[2022-11-01 23:55:09 #3 type] 
Type com.company.texteditor.dbManager.User is not enhanced.

------------------------------------------------------------------------------------------------------------------------

[2022-11-01 23:57:40 #1 store] 
Database 'C:\Users\USER\Desktop\OO\TW1\code\version5\TextEditor\db\user.odb' is opened by 19324@LAPTOP-3G6V943I

[2022-11-01 23:57:40 #2 store] 
Configuration path: C:\Users\USER\Desktop\OO\TW1\code\version5\TextEditor\objectdb.conf

[2022-11-01 23:57:40 #3 type] 
Type com.company.texteditor.dbManager.User is not enhanced.

------------------------------------------------------------------------------------------------------------------------

[2022-11-01 23:59:08 #1 store] 
Database 'C:\Users\USER\Desktop\OO\TW1\code\version5\TextEditor\db\user.odb' has been recovered (tr. 5-5)

[2022-11-01 23:59:08 #2 store] 
Database 'C:\Users\USER\Desktop\OO\TW1\code\version5\TextEditor\db\user.odb' is opened by 49728@LAPTOP-3G6V943I

[2022-11-01 23:59:08 #3 store] 
Configuration path: C:\Users\USER\Desktop\OO\TW1\code\version5\TextEditor\objectdb.conf

[2022-11-01 23:59:09 #4 type] 
Type com.company.texteditor.dbManager.User is not enhanced.

